
[25-Feb-2025 18:34:23 Europe/Paris] Tentative de réservation - User ID: 1, Date: 2025-02-26, Time Slot: 12, Egame: 1
[25-Feb-2025 20:03:39 Europe/Paris] Erreur dans getTimeSlots: Erreur : Erreur d'exécution de la requête préparée : SQLSTATE[HY000]: General error: 1364 Field 'egame_id' doesn't have a default value
[25-Feb-2025 20:04:41 Europe/Paris] Erreur dans getTimeSlots: Erreur lors de la récupération des créneaux : SQLSTATE[HY000]: General error: 1364 Field 'egame_id' doesn't have a default value
[25-Feb-2025 20:11:37 Europe/Paris] Tentative de réservation - User ID: 1, Date: 2025-02-26, Time Slot: 11, Egame: 1
[25-Feb-2025 20:12:08 Europe/Paris] Erreur dans getTimeSlots: Erreur : Erreur d'exécution de la requête préparée : SQLSTATE[42S02]: Base table or view not found: 1146 Table 'escapegames.time_slots' doesn't exist
[25-Feb-2025 20:15:42 Europe/Paris] Erreur dans getTimeSlots: Erreur : Erreur d'exécution de la requête préparée : SQLSTATE[42S22]: Column not found: 1054 Unknown column 'time_slots.start_time' in 'field list'
[25-Feb-2025 20:15:46 Europe/Paris] Erreur dans getTimeSlots: Erreur : Erreur d'exécution de la requête préparée : SQLSTATE[42S22]: Column not found: 1054 Unknown column 'time_slots.start_time' in 'field list'
[25-Feb-2025 20:16:12 Europe/Paris] Erreur dans getTimeSlots: Erreur : Erreur d'exécution de la requête préparée : SQLSTATE[42S22]: Column not found: 1054 Unknown column 'time_slots.start_time' in 'field list'
[25-Feb-2025 20:18:15 Europe/Paris] Tentative de réservation - User ID: 1, Date: 2025-02-27, Time Slot: 0900, Egame: 1
[25-Feb-2025 20:18:15 Europe/Paris] Erreur dans createReservation: Erreur lors de la réservation : SQLSTATE[22007]: Invalid datetime format: 1292 Incorrect time value: '2025-02-27' for column 'end_time' at row 1
[25-Feb-2025 20:20:51 Europe/Paris] Tentative de réservation - User ID: 1, Date: 2025-02-27, Start Time: 09:00, End Time: 10:00, Egame: 1
[25-Feb-2025 20:21:16 Europe/Paris] Tentative de réservation - User ID: 1, Date: 2025-02-27, Start Time: 09:00, End Time: 10:00, Egame: 1
[25-Feb-2025 20:22:06 Europe/Paris] Tentative de réservation - User ID: 1, Date: 2025-02-27, Start Time: 09:00, End Time: 10:00, Egame: 1
[25-Feb-2025 20:23:03 Europe/Paris] Tentative de réservation - User ID: 1, Date: 2025-02-27, Start Time: 09:00, End Time: 10:00, Egame: 1
[25-Feb-2025 20:23:45 Europe/Paris] Créneaux par défaut : Array
(
    [0] => Array
        (
            [start_time] => 09:00
            [end_time] => 10:00
        )

    [1] => Array
        (
            [start_time] => 10:00
            [end_time] => 11:00
        )

    [2] => Array
        (
            [start_time] => 11:00
            [end_time] => 12:00
        )

    [3] => Array
        (
            [start_time] => 14:00
            [end_time] => 15:00
        )

    [4] => Array
        (
            [start_time] => 15:00
            [end_time] => 16:00
        )

    [5] => Array
        (
            [start_time] => 16:00
            [end_time] => 17:00
        )

)

[25-Feb-2025 20:23:45 Europe/Paris] Recherche des réservations pour date=2025-02-27 et egame_id=1
[25-Feb-2025 20:23:45 Europe/Paris] Créneaux réservés trouvés : Array
(
    [0] => Array
        (
            [start_time] => 09:00:00
            [end_time] => 10:00:00
        )

)

[25-Feb-2025 20:23:45 Europe/Paris] Ajout du créneau réservé : 09:00:00-10:00:00
[25-Feb-2025 20:23:45 Europe/Paris] Map des créneaux réservés : Array
(
    [09:00:00-10:00:00] => 1
)

[25-Feb-2025 20:23:45 Europe/Paris] Vérification du créneau 09:00-10:00 : disponible
[25-Feb-2025 20:23:45 Europe/Paris] Vérification du créneau 10:00-11:00 : disponible
[25-Feb-2025 20:23:45 Europe/Paris] Vérification du créneau 11:00-12:00 : disponible
[25-Feb-2025 20:23:45 Europe/Paris] Vérification du créneau 14:00-15:00 : disponible
[25-Feb-2025 20:23:45 Europe/Paris] Vérification du créneau 15:00-16:00 : disponible
[25-Feb-2025 20:23:45 Europe/Paris] Vérification du créneau 16:00-17:00 : disponible
[25-Feb-2025 20:23:45 Europe/Paris] Créneaux disponibles après filtrage : Array
(
    [0] => Array
        (
            [start_time] => 09:00
            [end_time] => 10:00
        )

    [1] => Array
        (
            [start_time] => 10:00
            [end_time] => 11:00
        )

    [2] => Array
        (
            [start_time] => 11:00
            [end_time] => 12:00
        )

    [3] => Array
        (
            [start_time] => 14:00
            [end_time] => 15:00
        )

    [4] => Array
        (
            [start_time] => 15:00
            [end_time] => 16:00
        )

    [5] => Array
        (
            [start_time] => 16:00
            [end_time] => 17:00
        )

)

[25-Feb-2025 20:23:45 Europe/Paris] Créneaux formatés renvoyés : Array
(
    [0] => Array
        (
            [id] => 0900
            [start_time] => 09:00
            [end_time] => 10:00
            [date] => 2025-02-27
            [is_available] => 1
        )

    [1] => Array
        (
            [id] => 1000
            [start_time] => 10:00
            [end_time] => 11:00
            [date] => 2025-02-27
            [is_available] => 1
        )

    [2] => Array
        (
            [id] => 1100
            [start_time] => 11:00
            [end_time] => 12:00
            [date] => 2025-02-27
            [is_available] => 1
        )

    [3] => Array
        (
            [id] => 1400
            [start_time] => 14:00
            [end_time] => 15:00
            [date] => 2025-02-27
            [is_available] => 1
        )

    [4] => Array
        (
            [id] => 1500
            [start_time] => 15:00
            [end_time] => 16:00
            [date] => 2025-02-27
            [is_available] => 1
        )

    [5] => Array
        (
            [id] => 1600
            [start_time] => 16:00
            [end_time] => 17:00
            [date] => 2025-02-27
            [is_available] => 1
        )

)

[25-Feb-2025 20:23:50 Europe/Paris] Tentative de réservation - User ID: 1, Date: 2025-02-27, Start Time: 09:00, End Time: 10:00, Egame: 1
[25-Feb-2025 20:26:34 Europe/Paris] Tentative de réservation - User ID: 1, Date: 2025-02-27, Start Time: 09:00, End Time: 10:00, Egame: 1
[25-Feb-2025 20:28:46 Europe/Paris] Tentative de réservation - User ID: 1, Date: 2025-02-27, Start Time: 09:00, End Time: 10:00, Egame: 1
[25-Feb-2025 20:30:20 Europe/Paris] Erreur dans getTimeSlots: Erreur lors de la récupération des créneaux : Erreur d'exécution de la requête préparée : SQLSTATE[42S22]: Column not found: 1054 Unknown column 'r.status' in 'where clause'
[25-Feb-2025 20:30:31 Europe/Paris] Erreur dans getTimeSlots: Erreur lors de la récupération des créneaux : Erreur d'exécution de la requête préparée : SQLSTATE[42S22]: Column not found: 1054 Unknown column 'r.status' in 'where clause'
[25-Feb-2025 20:30:46 Europe/Paris] Tentative de réservation - User ID: 1, Date: 2025-02-27, Start Time: 09:00, End Time: 10:00, Egame: 1
[25-Feb-2025 20:32:43 Europe/Paris] Tentative de réservation - User ID: 1, Date: 2025-02-27, Start Time: 09:00, End Time: 10:00, Egame: 1
[25-Feb-2025 20:33:46 Europe/Paris] Créneaux renvoyés : Array
(
    [0] => Array
        (
            [id] => 0900
            [start_time] => 09:00
            [end_time] => 10:00
            [date] => 2025-02-27
            [is_available] => 1
        )

    [1] => Array
        (
            [id] => 1000
            [start_time] => 10:00
            [end_time] => 11:00
            [date] => 2025-02-27
            [is_available] => 1
        )

    [2] => Array
        (
            [id] => 1100
            [start_time] => 11:00
            [end_time] => 12:00
            [date] => 2025-02-27
            [is_available] => 1
        )

    [3] => Array
        (
            [id] => 1400
            [start_time] => 14:00
            [end_time] => 15:00
            [date] => 2025-02-27
            [is_available] => 1
        )

    [4] => Array
        (
            [id] => 1500
            [start_time] => 15:00
            [end_time] => 16:00
            [date] => 2025-02-27
            [is_available] => 1
        )

    [5] => Array
        (
            [id] => 1600
            [start_time] => 16:00
            [end_time] => 17:00
            [date] => 2025-02-27
            [is_available] => 1
        )

)

[25-Feb-2025 20:33:56 Europe/Paris] Tentative de réservation - User ID: 1, Date: 2025-02-27, Start Time: 09:00, End Time: 10:00, Egame: 1
[25-Feb-2025 20:36:01 Europe/Paris] Créneaux disponibles : 6
[25-Feb-2025 20:36:01 Europe/Paris] Créneaux réservés : 0
[25-Feb-2025 20:36:01 Europe/Paris] Total des créneaux : 6
[25-Feb-2025 20:36:18 Europe/Paris] Tentative de réservation - User ID: 1, Date: 2025-02-27, Start Time: 09:00, End Time: 10:00, Egame: 1
[25-Feb-2025 20:36:24 Europe/Paris] Créneaux disponibles : 6
[25-Feb-2025 20:36:24 Europe/Paris] Créneaux réservés : 0
[25-Feb-2025 20:36:24 Europe/Paris] Total des créneaux : 6
[25-Feb-2025 20:37:18 Europe/Paris] Créneaux par défaut chargés du JSON : Array
(
    [0] => Array
        (
            [start_time] => 09:00
            [end_time] => 10:00
        )

    [1] => Array
        (
            [start_time] => 10:00
            [end_time] => 11:00
        )

    [2] => Array
        (
            [start_time] => 11:00
            [end_time] => 12:00
        )

    [3] => Array
        (
            [start_time] => 14:00
            [end_time] => 15:00
        )

    [4] => Array
        (
            [start_time] => 15:00
            [end_time] => 16:00
        )

    [5] => Array
        (
            [start_time] => 16:00
            [end_time] => 17:00
        )

)

[25-Feb-2025 20:37:18 Europe/Paris] Créneaux réservés trouvés en BDD : Array
(
    [0] => Array
        (
            [start_time] => 09:00:00
            [end_time] => 10:00:00
        )

)

[25-Feb-2025 20:37:18 Europe/Paris] Map des créneaux réservés : Array
(
    [09:00:00-10:00:00] => 1
)

[25-Feb-2025 20:37:18 Europe/Paris] Créneau disponible trouvé : 09:00-10:00
[25-Feb-2025 20:37:18 Europe/Paris] Créneau disponible trouvé : 10:00-11:00
[25-Feb-2025 20:37:18 Europe/Paris] Créneau disponible trouvé : 11:00-12:00
[25-Feb-2025 20:37:18 Europe/Paris] Créneau disponible trouvé : 14:00-15:00
[25-Feb-2025 20:37:18 Europe/Paris] Créneau disponible trouvé : 15:00-16:00
[25-Feb-2025 20:37:18 Europe/Paris] Créneau disponible trouvé : 16:00-17:00
[25-Feb-2025 20:37:18 Europe/Paris] Résultat final des créneaux : Array
(
    [0] => Array
        (
            [id] => 0900
            [start_time] => 09:00
            [end_time] => 10:00
            [date] => 2025-02-27
            [is_available] => 1
        )

    [1] => Array
        (
            [id] => 1000
            [start_time] => 10:00
            [end_time] => 11:00
            [date] => 2025-02-27
            [is_available] => 1
        )

    [2] => Array
        (
            [id] => 1100
            [start_time] => 11:00
            [end_time] => 12:00
            [date] => 2025-02-27
            [is_available] => 1
        )

    [3] => Array
        (
            [id] => 1400
            [start_time] => 14:00
            [end_time] => 15:00
            [date] => 2025-02-27
            [is_available] => 1
        )

    [4] => Array
        (
            [id] => 1500
            [start_time] => 15:00
            [end_time] => 16:00
            [date] => 2025-02-27
            [is_available] => 1
        )

    [5] => Array
        (
            [id] => 1600
            [start_time] => 16:00
            [end_time] => 17:00
            [date] => 2025-02-27
            [is_available] => 1
        )

)

[25-Feb-2025 20:39:17 Europe/Paris] Structure de la table reservations : Array
(
    [0] => Array
        (
            [Field] => id
            [Type] => int(11)
            [Null] => NO
            [Key] => PRI
            [Default] => 
            [Extra] => auto_increment
        )

    [1] => Array
        (
            [Field] => user_id
            [Type] => int(11)
            [Null] => NO
            [Key] => 
            [Default] => 
            [Extra] => 
        )

    [2] => Array
        (
            [Field] => egame_id
            [Type] => int(11)
            [Null] => NO
            [Key] => 
            [Default] => 
            [Extra] => 
        )

    [3] => Array
        (
            [Field] => date
            [Type] => date
            [Null] => NO
            [Key] => 
            [Default] => 
            [Extra] => 
        )

    [4] => Array
        (
            [Field] => created_at
            [Type] => timestamp
            [Null] => YES
            [Key] => 
            [Default] => CURRENT_TIMESTAMP
            [Extra] => 
        )

    [5] => Array
        (
            [Field] => start_time
            [Type] => time
            [Null] => NO
            [Key] => 
            [Default] => 
            [Extra] => 
        )

    [6] => Array
        (
            [Field] => end_time
            [Type] => time
            [Null] => NO
            [Key] => 
            [Default] => 
            [Extra] => 
        )

)

[25-Feb-2025 20:39:17 Europe/Paris] Créneaux par défaut chargés du JSON : Array
(
    [0] => Array
        (
            [start_time] => 09:00
            [end_time] => 10:00
        )

    [1] => Array
        (
            [start_time] => 10:00
            [end_time] => 11:00
        )

    [2] => Array
        (
            [start_time] => 11:00
            [end_time] => 12:00
        )

    [3] => Array
        (
            [start_time] => 14:00
            [end_time] => 15:00
        )

    [4] => Array
        (
            [start_time] => 15:00
            [end_time] => 16:00
        )

    [5] => Array
        (
            [start_time] => 16:00
            [end_time] => 17:00
        )

)

[25-Feb-2025 20:39:17 Europe/Paris] Toutes les réservations en base : Array
(
    [0] => Array
        (
            [id] => 6
            [user_id] => 1
            [egame_id] => 1
            [date] => 2025-02-27
            [created_at] => 2025-02-25 20:20:51
            [start_time] => 09:00:00
            [end_time] => 10:00:00
        )

)

[25-Feb-2025 20:39:17 Europe/Paris] Requête SQL : SELECT * FROM reservations WHERE egame_id = :egame_id AND date = :date
[25-Feb-2025 20:39:17 Europe/Paris] Paramètres - egame_id: 1, date: 2025-02-27
[25-Feb-2025 20:39:17 Europe/Paris] Réservations trouvées pour cette date et cet egame : Array
(
    [0] => Array
        (
            [id] => 6
            [user_id] => 1
            [egame_id] => 1
            [date] => 2025-02-27
            [created_at] => 2025-02-25 20:20:51
            [start_time] => 09:00:00
            [end_time] => 10:00:00
        )

)

[25-Feb-2025 20:39:17 Europe/Paris] Marquage du créneau comme réservé : 09:00:00-10:00:00
[25-Feb-2025 20:39:17 Europe/Paris] Créneau ajouté comme disponible : 09:00-10:00
[25-Feb-2025 20:39:17 Europe/Paris] Créneau ajouté comme disponible : 10:00-11:00
[25-Feb-2025 20:39:17 Europe/Paris] Créneau ajouté comme disponible : 11:00-12:00
[25-Feb-2025 20:39:17 Europe/Paris] Créneau ajouté comme disponible : 14:00-15:00
[25-Feb-2025 20:39:17 Europe/Paris] Créneau ajouté comme disponible : 15:00-16:00
[25-Feb-2025 20:39:17 Europe/Paris] Créneau ajouté comme disponible : 16:00-17:00
[25-Feb-2025 20:39:17 Europe/Paris] Nombre de créneaux disponibles : 6
[25-Feb-2025 20:39:17 Europe/Paris] Nombre de créneaux réservés : 0
[25-Feb-2025 20:39:17 Europe/Paris] Nombre total de créneaux : 6
[25-Feb-2025 20:39:22 Europe/Paris] Tentative de réservation - User ID: 1, Date: 2025-02-27, Start Time: 09:00, End Time: 10:00, Egame: 1
[25-Feb-2025 20:41:49 Europe/Paris] Créneaux par défaut chargés du JSON : Array
(
    [0] => Array
        (
            [start_time] => 09:00
            [end_time] => 10:00
        )

    [1] => Array
        (
            [start_time] => 10:00
            [end_time] => 11:00
        )

    [2] => Array
        (
            [start_time] => 11:00
            [end_time] => 12:00
        )

    [3] => Array
        (
            [start_time] => 14:00
            [end_time] => 15:00
        )

    [4] => Array
        (
            [start_time] => 15:00
            [end_time] => 16:00
        )

    [5] => Array
        (
            [start_time] => 16:00
            [end_time] => 17:00
        )

)

[25-Feb-2025 20:41:49 Europe/Paris] Requête SQL : SELECT * FROM reservations WHERE egame_id = :egame_id AND date = :date
[25-Feb-2025 20:41:49 Europe/Paris] Paramètres - egame_id: 1, date: 2025-02-27
[25-Feb-2025 20:41:49 Europe/Paris] Réservations trouvées pour cette date et cet egame : Array
(
    [0] => Array
        (
            [id] => 6
            [user_id] => 1
            [egame_id] => 1
            [date] => 2025-02-27
            [created_at] => 2025-02-25 20:20:51
            [start_time] => 09:00:00
            [end_time] => 10:00:00
        )

)

[25-Feb-2025 20:41:49 Europe/Paris] Marquage du créneau comme réservé (après formatage) : 09:00-10:00
[25-Feb-2025 20:41:49 Europe/Paris] Vérification du créneau : 09:00-10:00 - Est réservé ? OUI
[25-Feb-2025 20:41:49 Europe/Paris] Créneau ajouté comme réservé : 09:00-10:00
[25-Feb-2025 20:41:49 Europe/Paris] Vérification du créneau : 10:00-11:00 - Est réservé ? NON
[25-Feb-2025 20:41:49 Europe/Paris] Créneau ajouté comme disponible : 10:00-11:00
[25-Feb-2025 20:41:49 Europe/Paris] Vérification du créneau : 11:00-12:00 - Est réservé ? NON
[25-Feb-2025 20:41:49 Europe/Paris] Créneau ajouté comme disponible : 11:00-12:00
[25-Feb-2025 20:41:49 Europe/Paris] Vérification du créneau : 14:00-15:00 - Est réservé ? NON
[25-Feb-2025 20:41:49 Europe/Paris] Créneau ajouté comme disponible : 14:00-15:00
[25-Feb-2025 20:41:49 Europe/Paris] Vérification du créneau : 15:00-16:00 - Est réservé ? NON
[25-Feb-2025 20:41:49 Europe/Paris] Créneau ajouté comme disponible : 15:00-16:00
[25-Feb-2025 20:41:49 Europe/Paris] Vérification du créneau : 16:00-17:00 - Est réservé ? NON
[25-Feb-2025 20:41:49 Europe/Paris] Créneau ajouté comme disponible : 16:00-17:00
[25-Feb-2025 20:41:49 Europe/Paris] Nombre de créneaux disponibles : 5
[25-Feb-2025 20:41:49 Europe/Paris] Nombre de créneaux réservés : 1
[25-Feb-2025 20:41:49 Europe/Paris] Nombre total de créneaux : 6
[25-Feb-2025 20:41:49 Europe/Paris] Résultat final : Array
(
    [0] => Array
        (
            [id] => 1000
            [start_time] => 10:00
            [end_time] => 11:00
            [date] => 2025-02-27
            [is_available] => 1
        )

    [1] => Array
        (
            [id] => 1100
            [start_time] => 11:00
            [end_time] => 12:00
            [date] => 2025-02-27
            [is_available] => 1
        )

    [2] => Array
        (
            [id] => 1400
            [start_time] => 14:00
            [end_time] => 15:00
            [date] => 2025-02-27
            [is_available] => 1
        )

    [3] => Array
        (
            [id] => 1500
            [start_time] => 15:00
            [end_time] => 16:00
            [date] => 2025-02-27
            [is_available] => 1
        )

    [4] => Array
        (
            [id] => 1600
            [start_time] => 16:00
            [end_time] => 17:00
            [date] => 2025-02-27
            [is_available] => 1
        )

    [5] => Array
        (
            [id] => 0900
            [start_time] => 09:00
            [end_time] => 10:00
            [date] => 2025-02-27
            [is_available] => 
        )

)

[25-Feb-2025 20:42:20 Europe/Paris] Créneaux par défaut chargés du JSON : Array
(
    [0] => Array
        (
            [start_time] => 09:00
            [end_time] => 10:00
        )

    [1] => Array
        (
            [start_time] => 10:00
            [end_time] => 11:00
        )

    [2] => Array
        (
            [start_time] => 11:00
            [end_time] => 12:00
        )

    [3] => Array
        (
            [start_time] => 14:00
            [end_time] => 15:00
        )

    [4] => Array
        (
            [start_time] => 15:00
            [end_time] => 16:00
        )

    [5] => Array
        (
            [start_time] => 16:00
            [end_time] => 17:00
        )

)

[25-Feb-2025 20:42:20 Europe/Paris] Requête SQL : SELECT * FROM reservations WHERE egame_id = :egame_id AND date = :date
[25-Feb-2025 20:42:20 Europe/Paris] Paramètres - egame_id: 1, date: 2025-02-27
[25-Feb-2025 20:42:20 Europe/Paris] Réservations trouvées pour cette date et cet egame : Array
(
    [0] => Array
        (
            [id] => 6
            [user_id] => 1
            [egame_id] => 1
            [date] => 2025-02-27
            [created_at] => 2025-02-25 20:20:51
            [start_time] => 09:00:00
            [end_time] => 10:00:00
        )

)

[25-Feb-2025 20:42:20 Europe/Paris] Marquage du créneau comme réservé (après formatage) : 09:00-10:00
[25-Feb-2025 20:42:20 Europe/Paris] Vérification du créneau : 09:00-10:00 - Est réservé ? OUI
[25-Feb-2025 20:42:20 Europe/Paris] Créneau ajouté comme réservé : 09:00-10:00
[25-Feb-2025 20:42:20 Europe/Paris] Vérification du créneau : 10:00-11:00 - Est réservé ? NON
[25-Feb-2025 20:42:20 Europe/Paris] Créneau ajouté comme disponible : 10:00-11:00
[25-Feb-2025 20:42:20 Europe/Paris] Vérification du créneau : 11:00-12:00 - Est réservé ? NON
[25-Feb-2025 20:42:20 Europe/Paris] Créneau ajouté comme disponible : 11:00-12:00
[25-Feb-2025 20:42:20 Europe/Paris] Vérification du créneau : 14:00-15:00 - Est réservé ? NON
[25-Feb-2025 20:42:20 Europe/Paris] Créneau ajouté comme disponible : 14:00-15:00
[25-Feb-2025 20:42:20 Europe/Paris] Vérification du créneau : 15:00-16:00 - Est réservé ? NON
[25-Feb-2025 20:42:20 Europe/Paris] Créneau ajouté comme disponible : 15:00-16:00
[25-Feb-2025 20:42:20 Europe/Paris] Vérification du créneau : 16:00-17:00 - Est réservé ? NON
[25-Feb-2025 20:42:20 Europe/Paris] Créneau ajouté comme disponible : 16:00-17:00
[25-Feb-2025 20:42:20 Europe/Paris] Nombre de créneaux disponibles : 5
[25-Feb-2025 20:42:20 Europe/Paris] Nombre de créneaux réservés : 1
[25-Feb-2025 20:42:20 Europe/Paris] Nombre total de créneaux : 6
[25-Feb-2025 20:42:20 Europe/Paris] Résultat final : Array
(
    [0] => Array
        (
            [id] => 1000
            [start_time] => 10:00
            [end_time] => 11:00
            [date] => 2025-02-27
            [is_available] => 1
        )

    [1] => Array
        (
            [id] => 1100
            [start_time] => 11:00
            [end_time] => 12:00
            [date] => 2025-02-27
            [is_available] => 1
        )

    [2] => Array
        (
            [id] => 1400
            [start_time] => 14:00
            [end_time] => 15:00
            [date] => 2025-02-27
            [is_available] => 1
        )

    [3] => Array
        (
            [id] => 1500
            [start_time] => 15:00
            [end_time] => 16:00
            [date] => 2025-02-27
            [is_available] => 1
        )

    [4] => Array
        (
            [id] => 1600
            [start_time] => 16:00
            [end_time] => 17:00
            [date] => 2025-02-27
            [is_available] => 1
        )

    [5] => Array
        (
            [id] => 0900
            [start_time] => 09:00
            [end_time] => 10:00
            [date] => 2025-02-27
            [is_available] => 
        )

)

[25-Feb-2025 20:43:00 Europe/Paris] Créneaux par défaut chargés du JSON : Array
(
    [0] => Array
        (
            [start_time] => 09:00
            [end_time] => 10:00
        )

    [1] => Array
        (
            [start_time] => 10:00
            [end_time] => 11:00
        )

    [2] => Array
        (
            [start_time] => 11:00
            [end_time] => 12:00
        )

    [3] => Array
        (
            [start_time] => 14:00
            [end_time] => 15:00
        )

    [4] => Array
        (
            [start_time] => 15:00
            [end_time] => 16:00
        )

    [5] => Array
        (
            [start_time] => 16:00
            [end_time] => 17:00
        )

)

[25-Feb-2025 20:43:00 Europe/Paris] Requête SQL : SELECT * FROM reservations WHERE egame_id = :egame_id AND date = :date
[25-Feb-2025 20:43:00 Europe/Paris] Paramètres - egame_id: 1, date: 2025-02-27
[25-Feb-2025 20:43:00 Europe/Paris] Réservations trouvées pour cette date et cet egame : Array
(
    [0] => Array
        (
            [id] => 6
            [user_id] => 1
            [egame_id] => 1
            [date] => 2025-02-27
            [created_at] => 2025-02-25 20:20:51
            [start_time] => 09:00:00
            [end_time] => 10:00:00
        )

)

[25-Feb-2025 20:43:00 Europe/Paris] Marquage du créneau comme réservé (après formatage) : 09:00-10:00
[25-Feb-2025 20:43:00 Europe/Paris] Vérification du créneau : 09:00-10:00 - Est réservé ? OUI
[25-Feb-2025 20:43:00 Europe/Paris] Créneau ajouté comme réservé : 09:00-10:00
[25-Feb-2025 20:43:00 Europe/Paris] Vérification du créneau : 10:00-11:00 - Est réservé ? NON
[25-Feb-2025 20:43:00 Europe/Paris] Créneau ajouté comme disponible : 10:00-11:00
[25-Feb-2025 20:43:00 Europe/Paris] Vérification du créneau : 11:00-12:00 - Est réservé ? NON
[25-Feb-2025 20:43:00 Europe/Paris] Créneau ajouté comme disponible : 11:00-12:00
[25-Feb-2025 20:43:00 Europe/Paris] Vérification du créneau : 14:00-15:00 - Est réservé ? NON
[25-Feb-2025 20:43:00 Europe/Paris] Créneau ajouté comme disponible : 14:00-15:00
[25-Feb-2025 20:43:00 Europe/Paris] Vérification du créneau : 15:00-16:00 - Est réservé ? NON
[25-Feb-2025 20:43:00 Europe/Paris] Créneau ajouté comme disponible : 15:00-16:00
[25-Feb-2025 20:43:00 Europe/Paris] Vérification du créneau : 16:00-17:00 - Est réservé ? NON
[25-Feb-2025 20:43:00 Europe/Paris] Créneau ajouté comme disponible : 16:00-17:00
[25-Feb-2025 20:43:00 Europe/Paris] Nombre de créneaux disponibles : 5
[25-Feb-2025 20:43:00 Europe/Paris] Nombre de créneaux réservés : 1
[25-Feb-2025 20:43:00 Europe/Paris] Nombre total de créneaux : 6
[25-Feb-2025 20:43:00 Europe/Paris] Résultat final : Array
(
    [0] => Array
        (
            [id] => 1000
            [start_time] => 10:00
            [end_time] => 11:00
            [date] => 2025-02-27
            [is_available] => 1
        )

    [1] => Array
        (
            [id] => 1100
            [start_time] => 11:00
            [end_time] => 12:00
            [date] => 2025-02-27
            [is_available] => 1
        )

    [2] => Array
        (
            [id] => 1400
            [start_time] => 14:00
            [end_time] => 15:00
            [date] => 2025-02-27
            [is_available] => 1
        )

    [3] => Array
        (
            [id] => 1500
            [start_time] => 15:00
            [end_time] => 16:00
            [date] => 2025-02-27
            [is_available] => 1
        )

    [4] => Array
        (
            [id] => 1600
            [start_time] => 16:00
            [end_time] => 17:00
            [date] => 2025-02-27
            [is_available] => 1
        )

    [5] => Array
        (
            [id] => 0900
            [start_time] => 09:00
            [end_time] => 10:00
            [date] => 2025-02-27
            [is_available] => 
        )

)

[25-Feb-2025 20:44:14 Europe/Paris] Tentative de réservation - User ID: 1, Date: 2025-02-27, Start Time: 10:00, End Time: 11:00, Egame: 1
[25-Feb-2025 20:44:15 Europe/Paris] Créneaux par défaut chargés du JSON : Array
(
    [0] => Array
        (
            [start_time] => 09:00
            [end_time] => 10:00
        )

    [1] => Array
        (
            [start_time] => 10:00
            [end_time] => 11:00
        )

    [2] => Array
        (
            [start_time] => 11:00
            [end_time] => 12:00
        )

    [3] => Array
        (
            [start_time] => 14:00
            [end_time] => 15:00
        )

    [4] => Array
        (
            [start_time] => 15:00
            [end_time] => 16:00
        )

    [5] => Array
        (
            [start_time] => 16:00
            [end_time] => 17:00
        )

)

[25-Feb-2025 20:44:15 Europe/Paris] Requête SQL : SELECT * FROM reservations WHERE egame_id = :egame_id AND date = :date
[25-Feb-2025 20:44:15 Europe/Paris] Paramètres - egame_id: 1, date: 2025-02-27
[25-Feb-2025 20:44:15 Europe/Paris] Réservations trouvées pour cette date et cet egame : Array
(
    [0] => Array
        (
            [id] => 6
            [user_id] => 1
            [egame_id] => 1
            [date] => 2025-02-27
            [created_at] => 2025-02-25 20:20:51
            [start_time] => 09:00:00
            [end_time] => 10:00:00
        )

    [1] => Array
        (
            [id] => 7
            [user_id] => 1
            [egame_id] => 1
            [date] => 2025-02-27
            [created_at] => 2025-02-25 20:44:14
            [start_time] => 10:00:00
            [end_time] => 11:00:00
        )

)

[25-Feb-2025 20:44:15 Europe/Paris] Marquage du créneau comme réservé (après formatage) : 09:00-10:00
[25-Feb-2025 20:44:15 Europe/Paris] Marquage du créneau comme réservé (après formatage) : 10:00-11:00
[25-Feb-2025 20:44:15 Europe/Paris] Vérification du créneau : 09:00-10:00 - Est réservé ? OUI
[25-Feb-2025 20:44:15 Europe/Paris] Créneau ajouté comme réservé : 09:00-10:00
[25-Feb-2025 20:44:15 Europe/Paris] Vérification du créneau : 10:00-11:00 - Est réservé ? OUI
[25-Feb-2025 20:44:15 Europe/Paris] Créneau ajouté comme réservé : 10:00-11:00
[25-Feb-2025 20:44:15 Europe/Paris] Vérification du créneau : 11:00-12:00 - Est réservé ? NON
[25-Feb-2025 20:44:15 Europe/Paris] Créneau ajouté comme disponible : 11:00-12:00
[25-Feb-2025 20:44:15 Europe/Paris] Vérification du créneau : 14:00-15:00 - Est réservé ? NON
[25-Feb-2025 20:44:15 Europe/Paris] Créneau ajouté comme disponible : 14:00-15:00
[25-Feb-2025 20:44:15 Europe/Paris] Vérification du créneau : 15:00-16:00 - Est réservé ? NON
[25-Feb-2025 20:44:15 Europe/Paris] Créneau ajouté comme disponible : 15:00-16:00
[25-Feb-2025 20:44:15 Europe/Paris] Vérification du créneau : 16:00-17:00 - Est réservé ? NON
[25-Feb-2025 20:44:15 Europe/Paris] Créneau ajouté comme disponible : 16:00-17:00
[25-Feb-2025 20:44:15 Europe/Paris] Nombre de créneaux disponibles : 4
[25-Feb-2025 20:44:15 Europe/Paris] Nombre de créneaux réservés : 2
[25-Feb-2025 20:44:15 Europe/Paris] Nombre total de créneaux : 6
[25-Feb-2025 20:44:15 Europe/Paris] Résultat final : Array
(
    [0] => Array
        (
            [id] => 1100
            [start_time] => 11:00
            [end_time] => 12:00
            [date] => 2025-02-27
            [is_available] => 1
        )

    [1] => Array
        (
            [id] => 1400
            [start_time] => 14:00
            [end_time] => 15:00
            [date] => 2025-02-27
            [is_available] => 1
        )

    [2] => Array
        (
            [id] => 1500
            [start_time] => 15:00
            [end_time] => 16:00
            [date] => 2025-02-27
            [is_available] => 1
        )

    [3] => Array
        (
            [id] => 1600
            [start_time] => 16:00
            [end_time] => 17:00
            [date] => 2025-02-27
            [is_available] => 1
        )

    [4] => Array
        (
            [id] => 0900
            [start_time] => 09:00
            [end_time] => 10:00
            [date] => 2025-02-27
            [is_available] => 
        )

    [5] => Array
        (
            [id] => 1000
            [start_time] => 10:00
            [end_time] => 11:00
            [date] => 2025-02-27
            [is_available] => 
        )

)

